<?xml version="1.0" encoding="UTF-8"?>
<coverage generated="1632517341584" clover="3.2.0">
  <project timestamp="1632517341584" name="All files">
    <metrics statements="9" coveredstatements="9" conditionals="0" coveredconditionals="0" methods="4" coveredmethods="4" elements="13" coveredelements="13" complexity="0" loc="9" ncloc="9" packages="1" files="1" classes="1"/>
    <file name="getRandomMathFunc.ts" path="/Users/lmonninger/Desktop/Dev/cogint/packages/Test/funcitons/src/Funcitons/Deterministic/Math/getRandomMathFunc.ts">
      <metrics statements="9" coveredstatements="9" conditionals="0" coveredconditionals="0" methods="4" coveredmethods="4"/>
      <line num="6" count="1" type="stmt"/>
      <line num="26" count="1" type="stmt"/>
      <line num="27" count="219" type="stmt"/>
      <line num="46" count="1" type="stmt"/>
      <line num="48" count="219" type="stmt"/>
      <line num="49" count="219" type="stmt"/>
      <line num="67" count="1" type="stmt"/>
      <line num="69" count="9100" type="stmt"/>
      <line num="75" count="18200" type="stmt"/>
    </file>
  </project>
</coverage>
