{"/Users/lmonninger/Desktop/Dev/cogint/packages/Test/funcitons/src/Funcitons/Deterministic/Math/getRandomMathFunc.ts": {"path":"/Users/lmonninger/Desktop/Dev/cogint/packages/Test/funcitons/src/Funcitons/Deterministic/Math/getRandomMathFunc.ts","statementMap":{"0":{"start":{"line":6,"column":42},"end":{"line":9,"column":10}},"1":{"start":{"line":26,"column":32},"end":{"line":40,"column":1}},"2":{"start":{"line":27,"column":2},"end":{"line":39,"column":3}},"3":{"start":{"line":46,"column":37},"end":{"line":56,"column":1}},"4":{"start":{"line":48,"column":22},"end":{"line":48,"column":40}},"5":{"start":{"line":49,"column":4},"end":{"line":54,"column":5}},"6":{"start":{"line":67,"column":38},"end":{"line":78,"column":1}},"7":{"start":{"line":69,"column":4},"end":{"line":76,"column":6}},"8":{"start":{"line":75,"column":8},"end":{"line":75,"column":54}}},"fnMap":{"0":{"name":"(anonymous_0)","decl":{"start":{"line":26,"column":32},"end":{"line":26,"column":33}},"loc":{"start":{"line":26,"column":50},"end":{"line":40,"column":1}},"line":26},"1":{"name":"(anonymous_1)","decl":{"start":{"line":46,"column":37},"end":{"line":46,"column":38}},"loc":{"start":{"line":46,"column":53},"end":{"line":56,"column":1}},"line":46},"2":{"name":"(anonymous_2)","decl":{"start":{"line":67,"column":38},"end":{"line":67,"column":39}},"loc":{"start":{"line":67,"column":53},"end":{"line":78,"column":1}},"line":67},"3":{"name":"(anonymous_3)","decl":{"start":{"line":74,"column":21},"end":{"line":74,"column":22}},"loc":{"start":{"line":74,"column":25},"end":{"line":76,"column":5}},"line":74}},"branchMap":{},"s":{"0":1,"1":1,"2":219,"3":1,"4":219,"5":219,"6":1,"7":9100,"8":18200},"f":{"0":219,"1":219,"2":9100,"3":18200},"b":{},"_coverageSchema":"1a1c01bbd47fc00a2c39e90264f33305004495a9","hash":"23cff241a3a167d5179bce1d84521613807ea961"}
}
